[Fri 02/21/2025  9:33:48.34] Staging changes... 
[Fri 02/21/2025  9:33:48.44] Committing changes... 
[master 06d29fb] Auto-update commit
 5 files changed, 1 insertion(+)
 delete mode 100644 documents/4a3f14b4-40fb-4dbd-8f35-2e138d782414.jpg
 delete mode 100644 documents/busticket.png
 delete mode 100644 documents/funds.png
 delete mode 100644 documents/image.jpg
 create mode 100644 git_update.log
[Fri 02/21/2025  9:33:48.75] Pushing to remote repository... 
error: src refspec main does not match any
error: failed to push some refs to 'https://github.com/naveen272/app.git'
[Fri 02/21/2025  9:33:48.88] Update complete. 
[Fri 02/21/2025  9:35:28.35] Staging changes... 
warning: in the working copy of 'git_update.log', LF will be replaced by CRLF the next time Git touches it
[Fri 02/21/2025  9:35:28.46] Committing changes... 
[master dc047f7] Auto-update commit
 1 file changed, 13 insertions(+)
[Fri 02/21/2025  9:35:28.63] Pushing to remote repository... 
To https://github.com/naveen272/app.git
   8c8c9d4..dc047f7  master -> master
[Fri 02/21/2025  9:35:30.44] Update complete. 
[Fri 02/21/2025  9:36:44.24] Staging changes... 
warning: in the working copy of 'git_update.log', LF will be replaced by CRLF the next time Git touches it
[Fri 02/21/2025  9:36:44.38] Committing changes... 
[master 83547b9] Auto-update commit
 1 file changed, 9 insertions(+)
[Fri 02/21/2025  9:36:44.60] Pushing to remote repository... 
To https://github.com/naveen272/app.git
   dc047f7..83547b9  master -> master
[Fri 02/21/2025  9:36:46.54] Update complete. 
[Fri 02/21/2025  9:37:11.97] Staging changes... 
